<?xml version="1.0" encoding="UTF-8"?>
<testsuite name="businessHouseGame.BoardTest" tests="1" skipped="0" failures="0" errors="0" timestamp="2019-12-13T10:26:43" hostname="Vapasis-MacBook-Pro-8.local" time="0.015">
  <properties/>
  <testcase name="getPlayerAmountForSetOfDiceValues()" classname="businessHouseGame.BoardTest" time="0.015"/>
  <system-out><![CDATA[Player 1: 1200.0
Player 2: 850.0
Player 3: 1200.0
]]></system-out>
  <system-err><![CDATA[]]></system-err>
</testsuite>
